2023-10-24T23:28:55.259Z info: Homepage accessed
2023-10-24T23:32:28.141Z info: Homepage accessed
2023-10-24T23:33:20.065Z info: Homepage accessed
2023-10-24T23:33:54.386Z info: Homepage accessed
2023-10-24T23:55:41.071Z info: Homepage accessed
2023-10-24T23:55:47.439Z info: Contact page accessed
2023-10-24T23:55:51.177Z info: Checks Authentication
2023-10-24T23:55:51.364Z info: Authentication page accessed
2023-10-24T23:56:18.194Z info: Registration accessed
2023-10-24T23:56:19.659Z info: Checks Authentication
2023-10-24T23:56:19.836Z info: Authentication page accessed
2023-10-24T23:56:41.208Z info: Login accessed
2023-10-24T23:56:42.129Z info: Admin dashboard accessed
2023-10-24T23:56:50.648Z info: Getting added post
2023-10-25T00:27:32.487Z info: Logged out
2023-10-25T00:27:34.218Z info: Homepage accessed
2023-10-25T09:42:08.300Z info: Homepage accessed
2023-10-25T09:42:29.715Z info: Checks Authentication
2023-10-25T09:42:29.893Z info: Authentication page accessed
2023-10-25T09:42:43.547Z info: Login accessed
2023-10-25T09:42:45.013Z info: Admin dashboard accessed
2023-10-25T09:42:51.036Z info: Add new Post
2023-10-25T09:43:11.846Z info: Add new Post
2023-10-25T09:44:35.282Z info: Homepage accessed
2023-10-25T09:46:09.143Z info: Adding post accessed
2023-10-25T09:46:09.565Z info: Admin dashboard accessed
2023-10-25T09:46:15.393Z info: Post Published
2023-10-25T09:46:15.766Z info: Admin dashboard accessed
2023-10-25T09:46:19.629Z info: Homepage accessed
2023-10-25T09:46:36.032Z info: Post page accessed
2023-10-25T09:47:32.858Z info: Admin dashboard accessed
2023-10-25T09:47:36.580Z info: Getting post to edit
2023-10-25T09:47:46.079Z info: Updating post
2023-10-25T09:47:46.431Z info: Getting post to edit
2023-10-25T09:47:51.463Z info: Homepage accessed
2023-10-25T09:48:18.893Z info: Admin dashboard accessed
2023-10-25T09:48:21.793Z info: Post deleted
2023-10-25T09:48:22.151Z info: Admin dashboard accessed
2023-10-25T09:48:30.941Z info: Logged out
2023-10-25T09:48:31.121Z info: Homepage accessed
2023-10-25T09:48:37.507Z info: Checks Authentication
2023-10-25T09:48:37.688Z info: Authentication page accessed
2023-10-25T09:49:21.651Z info: Registration accessed
2023-10-25T09:49:22.726Z info: Checks Authentication
2023-10-25T09:49:22.907Z info: Authentication page accessed
2023-10-25T09:49:50.322Z info: Login accessed
2023-10-25T09:49:51.746Z info: Admin dashboard accessed
2023-10-25T09:51:21.570Z info: Add new Post
2023-10-25T09:53:38.583Z info: Adding post accessed
2023-10-25T09:53:39.132Z info: Admin dashboard accessed
2023-10-25T09:53:42.951Z info: Getting post to edit
2023-10-25T10:10:00.899Z info: Updating post
2023-10-25T10:10:02.179Z info: Getting post to edit
2023-10-25T10:10:12.819Z info: Getting post to edit
2023-10-25T10:10:17.325Z info: Admin dashboard accessed
2023-10-25T10:10:57.845Z info: Getting post to edit
2023-10-25T10:11:08.453Z info: Post Published
2023-10-25T10:11:08.798Z info: Admin dashboard accessed
2023-10-25T10:11:15.726Z info: Post page accessed
2023-10-25T10:26:55.706Z info: Admin dashboard accessed
2023-10-25T10:26:59.251Z info: Getting post to edit
2023-10-25T10:27:07.776Z info: Updating post
2023-10-25T10:27:08.651Z info: Getting post to edit
2023-10-25T10:27:17.699Z info: Homepage accessed
2023-10-25T10:27:23.856Z info: Post page accessed
2023-10-25T10:27:49.903Z info: Admin dashboard accessed
2023-10-25T10:27:57.653Z info: Post page accessed
2023-10-25T10:28:24.019Z info: Add new Post
2023-10-25T10:28:37.293Z info: Adding post accessed
2023-10-25T10:28:37.635Z info: Admin dashboard accessed
2023-10-25T10:28:45.985Z info: Post page accessed
2023-10-25T10:28:53.508Z info: Getting post to edit
2023-10-25T10:28:58.416Z info: Post Published
2023-10-25T10:28:58.756Z info: Admin dashboard accessed
2023-10-25T10:29:05.053Z info: Homepage accessed
2023-10-25T10:29:09.059Z info: Post page accessed
2023-10-25T10:32:27.971Z info: Admin dashboard accessed
2023-10-25T10:32:30.790Z info: Admin dashboard accessed
2023-10-25T10:32:34.316Z info: Add new Post
2023-10-25T10:32:43.390Z info: Adding post accessed
2023-10-25T10:32:43.715Z info: Admin dashboard accessed
2023-10-25T10:32:49.742Z info: Getting post to edit
2023-10-25T10:33:04.206Z info: Post Published
2023-10-25T10:33:04.547Z info: Admin dashboard accessed
2023-10-25T10:33:12.179Z info: Homepage accessed
2023-10-25T10:33:19.942Z info: Post page accessed
2023-10-25T10:33:29.322Z info: Post page accessed
2023-10-25T10:35:47.858Z info: Admin dashboard accessed
2023-10-25T10:35:51.609Z info: Add new Post
2023-10-25T10:36:00.124Z info: Adding post accessed
2023-10-25T10:36:00.475Z info: Admin dashboard accessed
2023-10-25T10:36:03.946Z info: Getting post to edit
2023-10-25T10:36:09.063Z info: Admin dashboard accessed
2023-10-25T10:36:12.381Z info: Post Published
2023-10-25T10:36:12.721Z info: Admin dashboard accessed
2023-10-25T10:36:20.514Z info: Homepage accessed
2023-10-25T10:36:24.987Z info: Post page accessed
2023-10-25T10:40:23.945Z info: Homepage accessed
2023-10-25T10:40:32.749Z info: Admin dashboard accessed
2023-10-25T10:40:37.615Z info: Add new Post
2023-10-25T10:40:54.170Z info: Adding post accessed
2023-10-25T10:40:54.527Z info: Admin dashboard accessed
2023-10-25T10:41:04.113Z info: Post page accessed
2023-10-25T10:42:40.459Z info: Post page accessed
2023-10-25T10:43:15.132Z info: Post page accessed
2023-10-25T10:43:21.641Z info: Homepage accessed
2023-10-25T10:44:43.962Z info: Homepage accessed
2023-10-25T10:44:57.750Z info: Homepage accessed
2023-10-25T10:45:40.731Z info: Admin dashboard accessed
2023-10-25T10:45:44.592Z info: Post Published
2023-10-25T10:45:44.962Z info: Admin dashboard accessed
2023-10-25T10:45:50.354Z info: Homepage accessed
2023-10-25T10:46:21.467Z info: Admin dashboard accessed
2023-10-25T10:46:25.880Z info: Getting post to edit
2023-10-25T10:46:51.368Z info: Homepage accessed
2023-10-25T10:46:54.572Z info: Admin dashboard accessed
2023-10-25T10:47:21.212Z info: Getting post to edit
2023-10-25T10:47:26.983Z info: Updating post
2023-10-25T10:47:27.326Z info: Getting post to edit
2023-10-25T10:47:30.549Z info: Homepage accessed
2023-10-25T10:47:42.875Z info: Post page accessed
2023-10-25T10:48:33.443Z info: Post page accessed
2023-10-25T10:48:49.462Z info: Post page accessed
2023-10-25T10:50:16.552Z info: Post page accessed
2023-10-25T10:51:15.238Z info: Post page accessed
2023-10-25T10:51:36.405Z info: Post page accessed
2023-10-25T10:52:03.037Z info: Post page accessed
2023-10-25T10:55:41.680Z info: Logged out
2023-10-25T10:55:41.854Z info: Homepage accessed
2023-10-25T10:56:10.923Z info: Checks Authentication
2023-10-25T10:56:11.156Z info: Authentication page accessed
2023-10-25T10:56:18.765Z info: Login accessed
2023-10-25T10:56:19.682Z info: Admin dashboard accessed
2023-10-25T11:04:26.165Z info: Logged out
2023-10-25T11:04:26.329Z info: Homepage accessed
2023-10-25T11:23:37.463Z info: Checks Authentication
2023-10-25T11:23:39.346Z info: Authentication page accessed
2023-10-25T11:23:52.460Z info: Login accessed
2023-10-25T11:24:13.161Z info: Registration accessed
2023-10-25T11:24:14.108Z info: Checks Authentication
2023-10-25T11:24:14.290Z info: Authentication page accessed
2023-10-25T11:24:23.375Z info: Login accessed
2023-10-25T11:24:24.265Z info: Admin dashboard accessed
2023-10-25T11:24:34.857Z info: Getting post to edit
2023-10-25T11:24:52.695Z info: Updating post
2023-10-25T11:24:53.043Z info: Getting post to edit
2023-10-25T11:24:56.511Z info: Admin dashboard accessed
2023-10-25T11:25:00.677Z info: Post deleted
2023-10-25T11:25:01.008Z info: Admin dashboard accessed
2023-10-25T11:25:02.799Z info: Post deleted
2023-10-25T11:25:03.143Z info: Admin dashboard accessed
2023-10-25T11:25:04.886Z info: Post deleted
2023-10-25T11:25:05.218Z info: Admin dashboard accessed
2023-10-25T11:25:07.555Z info: Post deleted
2023-10-25T11:25:07.894Z info: Admin dashboard accessed
2023-10-25T11:25:16.766Z info: Homepage accessed
2023-10-25T11:25:26.790Z info: Post page accessed
2023-10-25T11:28:22.194Z info: Homepage accessed
2023-10-25T11:36:57.385Z info: Admin dashboard accessed
2023-10-25T11:37:02.750Z info: Logged out
2023-10-25T11:37:02.931Z info: Homepage accessed
2023-10-25T11:37:09.019Z info: Checks Authentication
2023-10-25T11:37:09.217Z info: Authentication page accessed
2023-10-25T11:37:39.473Z info: Authentication page accessed
2023-10-25T11:37:50.116Z info: Registration accessed
2023-10-25T11:37:51.101Z info: Checks Authentication
2023-10-25T11:37:51.304Z info: Authentication page accessed
2023-10-25T11:38:02.051Z info: Login accessed
2023-10-25T11:38:03.015Z info: Admin dashboard accessed
2023-10-25T11:38:07.899Z info: Getting post to edit
2023-10-25T11:38:11.951Z info: Updating post
2023-10-25T11:38:12.322Z info: Getting post to edit
